c:\i-ibm2\i-ibm\src\openmesh\core\core.pdb
c:\i-ibm2\i-ibm\src\openmesh\core\tmp\windows_32_debug\stlreader.obj
c:\i-ibm2\i-ibm\src\openmesh\core\tmp\windows_32_debug\polyconnectivity.obj
c:\i-ibm2\i-ibm\src\openmesh\core\tmp\windows_32_debug\plywriter.obj
c:\i-ibm2\i-ibm\src\openmesh\core\tmp\windows_32_debug\plyreader.obj
c:\i-ibm2\i-ibm\src\openmesh\core\tmp\windows_32_debug\omwriter.obj
c:\i-ibm2\i-ibm\src\openmesh\core\tmp\windows_32_debug\omstream.obj
c:\i-ibm2\i-ibm\src\openmesh\core\tmp\windows_32_debug\omreader.obj
c:\i-ibm2\i-ibm\src\openmesh\core\tmp\windows_32_debug\omformat.obj
c:\i-ibm2\i-ibm\src\openmesh\core\tmp\windows_32_debug\offwriter.obj
c:\i-ibm2\i-ibm\src\openmesh\core\tmp\windows_32_debug\offreader.obj
c:\i-ibm2\i-ibm\src\openmesh\core\tmp\windows_32_debug\objwriter.obj
c:\i-ibm2\i-ibm\src\openmesh\core\tmp\windows_32_debug\objreader.obj
c:\i-ibm2\i-ibm\src\openmesh\core\tmp\windows_32_debug\iomanager.obj
c:\i-ibm2\i-ibm\src\openmesh\core\tmp\windows_32_debug\endian.obj
c:\i-ibm2\i-ibm\src\openmesh\core\tmp\windows_32_debug\binaryhelper.obj
c:\i-ibm2\i-ibm\src\openmesh\core\tmp\windows_32_debug\basewriter.obj
c:\i-ibm2\i-ibm\src\openmesh\core\tmp\windows_32_debug\basereader.obj
c:\i-ibm2\i-ibm\src\openmesh\core\tmp\windows_32_debug\baseproperty.obj
c:\i-ibm2\i-ibm\src\openmesh\core\tmp\windows_32_debug\basekernel.obj
c:\i-ibm2\i-ibm\src\openmesh\core\tmp\windows_32_debug\arraykernel.obj
c:\i-ibm2\i-ibm\src\openmesh\core\tmp\windows_32_debug\triconnectivity.obj
c:\i-ibm2\i-ibm\src\openmesh\core\tmp\windows_32_debug\stlwriter.obj
c:\i-ibm2\lib\x64\openmeshcored.lib
c:\i-ibm2\i-ibm\src\openmesh\core\x64\debug\core.tlog\cl.command.1.tlog
c:\i-ibm2\i-ibm\src\openmesh\core\x64\debug\core.tlog\cl.read.1.tlog
c:\i-ibm2\i-ibm\src\openmesh\core\x64\debug\core.tlog\cl.write.1.tlog
c:\i-ibm2\i-ibm\src\openmesh\core\x64\debug\core.tlog\lib-link.write.1.tlog
c:\i-ibm2\i-ibm\src\openmesh\core\x64\debug\core.tlog\lib.command.1.tlog
c:\i-ibm2\i-ibm\src\openmesh\core\x64\debug\core.tlog\lib.read.1.tlog
