D:\PROJECT\APP\I-IBM2\LIB\OPENMESH-3.1\OPENMESH\CORE\TMP\WINDOWS_32_DEBUG\STLREADER.OBJ
D:\PROJECT\APP\I-IBM2\LIB\OPENMESH-3.1\OPENMESH\CORE\TMP\WINDOWS_32_DEBUG\POLYCONNECTIVITY.OBJ
D:\PROJECT\APP\I-IBM2\LIB\OPENMESH-3.1\OPENMESH\CORE\TMP\WINDOWS_32_DEBUG\PLYWRITER.OBJ
D:\PROJECT\APP\I-IBM2\LIB\OPENMESH-3.1\OPENMESH\CORE\TMP\WINDOWS_32_DEBUG\PLYREADER.OBJ
D:\PROJECT\APP\I-IBM2\LIB\OPENMESH-3.1\OPENMESH\CORE\TMP\WINDOWS_32_DEBUG\OMWRITER.OBJ
D:\PROJECT\APP\I-IBM2\LIB\OPENMESH-3.1\OPENMESH\CORE\TMP\WINDOWS_32_DEBUG\OMSTREAM.OBJ
D:\PROJECT\APP\I-IBM2\LIB\OPENMESH-3.1\OPENMESH\CORE\TMP\WINDOWS_32_DEBUG\OMREADER.OBJ
D:\PROJECT\APP\I-IBM2\LIB\OPENMESH-3.1\OPENMESH\CORE\TMP\WINDOWS_32_DEBUG\OMFORMAT.OBJ
D:\PROJECT\APP\I-IBM2\LIB\OPENMESH-3.1\OPENMESH\CORE\TMP\WINDOWS_32_DEBUG\OFFWRITER.OBJ
D:\PROJECT\APP\I-IBM2\LIB\OPENMESH-3.1\OPENMESH\CORE\TMP\WINDOWS_32_DEBUG\OFFREADER.OBJ
D:\PROJECT\APP\I-IBM2\LIB\OPENMESH-3.1\OPENMESH\CORE\TMP\WINDOWS_32_DEBUG\OBJWRITER.OBJ
D:\PROJECT\APP\I-IBM2\LIB\OPENMESH-3.1\OPENMESH\CORE\TMP\WINDOWS_32_DEBUG\OBJREADER.OBJ
D:\PROJECT\APP\I-IBM2\LIB\OPENMESH-3.1\OPENMESH\CORE\TMP\WINDOWS_32_DEBUG\IOMANAGER.OBJ
D:\PROJECT\APP\I-IBM2\LIB\OPENMESH-3.1\OPENMESH\CORE\TMP\WINDOWS_32_DEBUG\ENDIAN.OBJ
D:\PROJECT\APP\I-IBM2\LIB\OPENMESH-3.1\OPENMESH\CORE\TMP\WINDOWS_32_DEBUG\BINARYHELPER.OBJ
D:\PROJECT\APP\I-IBM2\LIB\OPENMESH-3.1\OPENMESH\CORE\TMP\WINDOWS_32_DEBUG\BASEWRITER.OBJ
D:\PROJECT\APP\I-IBM2\LIB\OPENMESH-3.1\OPENMESH\CORE\TMP\WINDOWS_32_DEBUG\BASEREADER.OBJ
D:\PROJECT\APP\I-IBM2\LIB\OPENMESH-3.1\OPENMESH\CORE\TMP\WINDOWS_32_DEBUG\BASEPROPERTY.OBJ
D:\PROJECT\APP\I-IBM2\LIB\OPENMESH-3.1\OPENMESH\CORE\TMP\WINDOWS_32_DEBUG\BASEKERNEL.OBJ
D:\PROJECT\APP\I-IBM2\LIB\OPENMESH-3.1\OPENMESH\CORE\TMP\WINDOWS_32_DEBUG\ARRAYKERNEL.OBJ
D:\PROJECT\APP\I-IBM2\LIB\OPENMESH-3.1\OPENMESH\CORE\TMP\WINDOWS_32_DEBUG\TRICONNECTIVITY.OBJ
D:\PROJECT\APP\I-IBM2\LIB\OPENMESH-3.1\OPENMESH\CORE\TMP\WINDOWS_32_DEBUG\STLWRITER.OBJ
D:\PROJECT\APP\I-IBM2\LIB\OPENMESH-3.1\OPENMESH\CORE\VC110.PDB
D:\PROJECT\APP\I-IBM2\LIB\LIBOPENMESHCORED.LIB
D:\project\app\I-IBM2\lib\OpenMesh-3.1\OpenMesh\Core\tmp\Windows_32_Debug\ArrayKernel.obj
D:\project\app\I-IBM2\lib\OpenMesh-3.1\OpenMesh\Core\tmp\Windows_32_Debug\BaseKernel.obj
D:\project\app\I-IBM2\lib\OpenMesh-3.1\OpenMesh\Core\tmp\Windows_32_Debug\BaseProperty.obj
D:\project\app\I-IBM2\lib\OpenMesh-3.1\OpenMesh\Core\tmp\Windows_32_Debug\BaseReader.obj
D:\project\app\I-IBM2\lib\OpenMesh-3.1\OpenMesh\Core\tmp\Windows_32_Debug\BaseWriter.obj
D:\project\app\I-IBM2\lib\OpenMesh-3.1\OpenMesh\Core\tmp\Windows_32_Debug\BinaryHelper.obj
D:\project\app\I-IBM2\lib\OpenMesh-3.1\OpenMesh\Core\tmp\Windows_32_Debug\Endian.obj
D:\project\app\I-IBM2\lib\OpenMesh-3.1\OpenMesh\Core\tmp\Windows_32_Debug\IOManager.obj
D:\project\app\I-IBM2\lib\OpenMesh-3.1\OpenMesh\Core\tmp\Windows_32_Debug\OBJReader.obj
D:\project\app\I-IBM2\lib\OpenMesh-3.1\OpenMesh\Core\tmp\Windows_32_Debug\OBJWriter.obj
D:\project\app\I-IBM2\lib\OpenMesh-3.1\OpenMesh\Core\tmp\Windows_32_Debug\OFFReader.obj
D:\project\app\I-IBM2\lib\OpenMesh-3.1\OpenMesh\Core\tmp\Windows_32_Debug\OFFWriter.obj
D:\project\app\I-IBM2\lib\OpenMesh-3.1\OpenMesh\Core\tmp\Windows_32_Debug\OMFormat.obj
D:\project\app\I-IBM2\lib\OpenMesh-3.1\OpenMesh\Core\tmp\Windows_32_Debug\OMReader.obj
D:\project\app\I-IBM2\lib\OpenMesh-3.1\OpenMesh\Core\tmp\Windows_32_Debug\omstream.obj
D:\project\app\I-IBM2\lib\OpenMesh-3.1\OpenMesh\Core\tmp\Windows_32_Debug\OMWriter.obj
D:\project\app\I-IBM2\lib\OpenMesh-3.1\OpenMesh\Core\tmp\Windows_32_Debug\PLYReader.obj
D:\project\app\I-IBM2\lib\OpenMesh-3.1\OpenMesh\Core\tmp\Windows_32_Debug\PLYWriter.obj
D:\project\app\I-IBM2\lib\OpenMesh-3.1\OpenMesh\Core\tmp\Windows_32_Debug\PolyConnectivity.obj
D:\project\app\I-IBM2\lib\OpenMesh-3.1\OpenMesh\Core\tmp\Windows_32_Debug\STLReader.obj
D:\project\app\I-IBM2\lib\OpenMesh-3.1\OpenMesh\Core\tmp\Windows_32_Debug\STLWriter.obj
D:\project\app\I-IBM2\lib\OpenMesh-3.1\OpenMesh\Core\tmp\Windows_32_Debug\TriConnectivity.obj
D:\project\app\I-IBM2\lib\OpenMesh-3.1\OpenMesh\Core\tmp\Windows_32_Debug\cl.command.1.tlog
D:\project\app\I-IBM2\lib\OpenMesh-3.1\OpenMesh\Core\tmp\Windows_32_Debug\CL.read.1.tlog
D:\project\app\I-IBM2\lib\OpenMesh-3.1\OpenMesh\Core\tmp\Windows_32_Debug\CL.write.1.tlog
D:\project\app\I-IBM2\lib\OpenMesh-3.1\OpenMesh\Core\tmp\Windows_32_Debug\Lib-link.read.1.tlog
D:\project\app\I-IBM2\lib\OpenMesh-3.1\OpenMesh\Core\tmp\Windows_32_Debug\Lib-link.write.1.tlog
D:\project\app\I-IBM2\lib\OpenMesh-3.1\OpenMesh\Core\tmp\Windows_32_Debug\lib.command.1.tlog
D:\project\app\I-IBM2\lib\OpenMesh-3.1\OpenMesh\Core\tmp\Windows_32_Debug\Lib.read.1.tlog
