Build started 2015-07-14 오전 11:45:16.
     1>Project "D:\project\app\I-IBM2\lib\OpenMesh-3.1\OpenMesh\Tools\VS2008Tools.vcxproj" on node 2 (Rebuild target(s)).
     1>ClCompile:
         C:\Program Files (x86)\Microsoft Visual Studio 11.0\VC\bin\CL.exe /c /I..\.. /I"C:\Program Files (x86)\Visual Leak Detector\include" /Zi /nologo /W3 /WX- /Od /Oy- /D UNICODE /D WIN32 /D QT_LARGEFILE_SUPPORT /D _USE_MATH_DEFINES /D NOMINMAX /Gm- /EHsc /MDd /GS- /fp:precise /Zc:wchar_t- /Zc:forScope /GR /Fo"tmp\Windows_32_Debug\\" /Fd".\vc110.pdb" /Gd /TP /analyze- /errorReport:prompt -Zm200 -w34100 -w34189 -Zm200 -w34100 -w34189 -w34100 -w34189 Utils\conio.cc Utils\Gnuplot.cc Utils\Timer.cc
         conio.cc
         Gnuplot.cc
     1>Utils\Gnuplot.cc(212): warning C4996: 'getenv': This function or variable may be unsafe. Consider using _dupenv_s instead. To disable deprecation, use _CRT_SECURE_NO_WARNINGS. See online help for details.
                 C:\Program Files (x86)\Microsoft Visual Studio 11.0\VC\include\stdlib.h(449) : see declaration of 'getenv'
     1>Utils\Gnuplot.cc(267): warning C4996: 'vsprintf': This function or variable may be unsafe. Consider using vsprintf_s instead. To disable deprecation, use _CRT_SECURE_NO_WARNINGS. See online help for details.
                 C:\Program Files (x86)\Microsoft Visual Studio 11.0\VC\include\stdio.h(357) : see declaration of 'vsprintf'
     1>Utils\Gnuplot.cc(270): warning C4996: 'strcat': This function or variable may be unsafe. Consider using strcat_s instead. To disable deprecation, use _CRT_SECURE_NO_WARNINGS. See online help for details.
                 C:\Program Files (x86)\Microsoft Visual Studio 11.0\VC\include\string.h(115) : see declaration of 'strcat'
     1>Utils\Gnuplot.cc(371): warning C4996: '_mktemp': This function or variable may be unsafe. Consider using _mktemp_s instead. To disable deprecation, use _CRT_SECURE_NO_WARNINGS. See online help for details.
                 C:\Program Files (x86)\Microsoft Visual Studio 11.0\VC\include\io.h(202) : see declaration of '_mktemp'
     1>Utils\Gnuplot.cc(445): warning C4996: '_mktemp': This function or variable may be unsafe. Consider using _mktemp_s instead. To disable deprecation, use _CRT_SECURE_NO_WARNINGS. See online help for details.
                 C:\Program Files (x86)\Microsoft Visual Studio 11.0\VC\include\io.h(202) : see declaration of '_mktemp'
         Timer.cc
     1>Utils\Timer.cc(357): warning C4996: 'sprintf': This function or variable may be unsafe. Consider using sprintf_s instead. To disable deprecation, use _CRT_SECURE_NO_WARNINGS. See online help for details.
                 C:\Program Files (x86)\Microsoft Visual Studio 11.0\VC\include\stdio.h(357) : see declaration of 'sprintf'
     1>Utils\Timer.cc(360): warning C4996: 'sprintf': This function or variable may be unsafe. Consider using sprintf_s instead. To disable deprecation, use _CRT_SECURE_NO_WARNINGS. See online help for details.
                 C:\Program Files (x86)\Microsoft Visual Studio 11.0\VC\include\stdio.h(357) : see declaration of 'sprintf'
     1>Utils\Timer.cc(362): warning C4996: 'sprintf': This function or variable may be unsafe. Consider using sprintf_s instead. To disable deprecation, use _CRT_SECURE_NO_WARNINGS. See online help for details.
                 C:\Program Files (x86)\Microsoft Visual Studio 11.0\VC\include\stdio.h(357) : see declaration of 'sprintf'
     1>Utils\Timer.cc(365): warning C4996: 'sprintf': This function or variable may be unsafe. Consider using sprintf_s instead. To disable deprecation, use _CRT_SECURE_NO_WARNINGS. See online help for details.
                 C:\Program Files (x86)\Microsoft Visual Studio 11.0\VC\include\stdio.h(357) : see declaration of 'sprintf'
     1>Utils\Timer.cc(367): warning C4996: 'sprintf': This function or variable may be unsafe. Consider using sprintf_s instead. To disable deprecation, use _CRT_SECURE_NO_WARNINGS. See online help for details.
                 C:\Program Files (x86)\Microsoft Visual Studio 11.0\VC\include\stdio.h(357) : see declaration of 'sprintf'
     1>Utils\Timer.cc(373): warning C4996: 'sprintf': This function or variable may be unsafe. Consider using sprintf_s instead. To disable deprecation, use _CRT_SECURE_NO_WARNINGS. See online help for details.
                 C:\Program Files (x86)\Microsoft Visual Studio 11.0\VC\include\stdio.h(357) : see declaration of 'sprintf'
     1>Utils\Timer.cc(383): warning C4996: 'sprintf': This function or variable may be unsafe. Consider using sprintf_s instead. To disable deprecation, use _CRT_SECURE_NO_WARNINGS. See online help for details.
                 C:\Program Files (x86)\Microsoft Visual Studio 11.0\VC\include\stdio.h(357) : see declaration of 'sprintf'
     1>Utils\Timer.cc(385): warning C4996: 'sprintf': This function or variable may be unsafe. Consider using sprintf_s instead. To disable deprecation, use _CRT_SECURE_NO_WARNINGS. See online help for details.
                 C:\Program Files (x86)\Microsoft Visual Studio 11.0\VC\include\stdio.h(357) : see declaration of 'sprintf'
     1>Utils\Timer.cc(387): warning C4996: 'sprintf': This function or variable may be unsafe. Consider using sprintf_s instead. To disable deprecation, use _CRT_SECURE_NO_WARNINGS. See online help for details.
                 C:\Program Files (x86)\Microsoft Visual Studio 11.0\VC\include\stdio.h(357) : see declaration of 'sprintf'
     1>Utils\Timer.cc(389): warning C4996: 'sprintf': This function or variable may be unsafe. Consider using sprintf_s instead. To disable deprecation, use _CRT_SECURE_NO_WARNINGS. See online help for details.
                 C:\Program Files (x86)\Microsoft Visual Studio 11.0\VC\include\stdio.h(357) : see declaration of 'sprintf'
     1>Utils\Timer.cc(391): warning C4996: 'sprintf': This function or variable may be unsafe. Consider using sprintf_s instead. To disable deprecation, use _CRT_SECURE_NO_WARNINGS. See online help for details.
                 C:\Program Files (x86)\Microsoft Visual Studio 11.0\VC\include\stdio.h(357) : see declaration of 'sprintf'
     1>Utils\Timer.cc(399): warning C4996: 'sprintf': This function or variable may be unsafe. Consider using sprintf_s instead. To disable deprecation, use _CRT_SECURE_NO_WARNINGS. See online help for details.
                 C:\Program Files (x86)\Microsoft Visual Studio 11.0\VC\include\stdio.h(357) : see declaration of 'sprintf'
     1>Utils\Timer.cc(400): warning C4996: 'sprintf': This function or variable may be unsafe. Consider using sprintf_s instead. To disable deprecation, use _CRT_SECURE_NO_WARNINGS. See online help for details.
                 C:\Program Files (x86)\Microsoft Visual Studio 11.0\VC\include\stdio.h(357) : see declaration of 'sprintf'
     1>Utils\Timer.cc(410): warning C4996: 'sprintf': This function or variable may be unsafe. Consider using sprintf_s instead. To disable deprecation, use _CRT_SECURE_NO_WARNINGS. See online help for details.
                 C:\Program Files (x86)\Microsoft Visual Studio 11.0\VC\include\stdio.h(357) : see declaration of 'sprintf'
     1>Utils\Timer.cc(412): warning C4996: 'sprintf': This function or variable may be unsafe. Consider using sprintf_s instead. To disable deprecation, use _CRT_SECURE_NO_WARNINGS. See online help for details.
                 C:\Program Files (x86)\Microsoft Visual Studio 11.0\VC\include\stdio.h(357) : see declaration of 'sprintf'
     1>Utils\Timer.cc(413): warning C4996: 'sprintf': This function or variable may be unsafe. Consider using sprintf_s instead. To disable deprecation, use _CRT_SECURE_NO_WARNINGS. See online help for details.
                 C:\Program Files (x86)\Microsoft Visual Studio 11.0\VC\include\stdio.h(357) : see declaration of 'sprintf'
     1>Utils\Timer.cc(422): warning C4996: 'sprintf': This function or variable may be unsafe. Consider using sprintf_s instead. To disable deprecation, use _CRT_SECURE_NO_WARNINGS. See online help for details.
                 C:\Program Files (x86)\Microsoft Visual Studio 11.0\VC\include\stdio.h(357) : see declaration of 'sprintf'
     1>Utils\Timer.cc(423): warning C4996: 'sprintf': This function or variable may be unsafe. Consider using sprintf_s instead. To disable deprecation, use _CRT_SECURE_NO_WARNINGS. See online help for details.
                 C:\Program Files (x86)\Microsoft Visual Studio 11.0\VC\include\stdio.h(357) : see declaration of 'sprintf'
     1>Utils\Timer.cc(424): warning C4996: 'sprintf': This function or variable may be unsafe. Consider using sprintf_s instead. To disable deprecation, use _CRT_SECURE_NO_WARNINGS. See online help for details.
                 C:\Program Files (x86)\Microsoft Visual Studio 11.0\VC\include\stdio.h(357) : see declaration of 'sprintf'
     1>Utils\Timer.cc(425): warning C4996: 'sprintf': This function or variable may be unsafe. Consider using sprintf_s instead. To disable deprecation, use _CRT_SECURE_NO_WARNINGS. See online help for details.
                 C:\Program Files (x86)\Microsoft Visual Studio 11.0\VC\include\stdio.h(357) : see declaration of 'sprintf'
     1>Utils\Timer.cc(426): warning C4996: 'sprintf': This function or variable may be unsafe. Consider using sprintf_s instead. To disable deprecation, use _CRT_SECURE_NO_WARNINGS. See online help for details.
                 C:\Program Files (x86)\Microsoft Visual Studio 11.0\VC\include\stdio.h(357) : see declaration of 'sprintf'
         Generating Code...
         C:\Program Files (x86)\Microsoft Visual Studio 11.0\VC\bin\CL.exe /c /I..\.. /I"C:\Program Files (x86)\Visual Leak Detector\include" /Zi /nologo /W3 /WX- /Od /Oy- /D UNICODE /D WIN32 /D QT_LARGEFILE_SUPPORT /D _USE_MATH_DEFINES /D NOMINMAX /Gm- /EHsc /MDd /GS- /fp:precise /Zc:wchar_t- /Zc:forScope /GR /Fo"tmp\Windows_32_Debug\\" /Fd".\vc110.pdb" /Gd /TC /analyze- /errorReport:prompt -Zm200 -w34100 -w34189 -Zm200 -w34100 -w34189 -w34100 -w34189 Utils\getopt.c
         getopt.c
     1>C:\Program Files (x86)\MSBuild\Microsoft.Cpp\v4.0\V110\Microsoft.CppBuild.targets(1299,5): warning MSB8012: TargetPath(D:\project\app\I-IBM2\lib\OpenMesh-3.1\OpenMesh\Tools\.\Tools.lib) does not match the Library's OutputFile property value (D:\project\app\I-IBM2\I-IBM\lib\Win32\OpenMeshToolsd.lib). This may cause your project to build incorrectly. To correct this, please make sure that $(OutDir), $(TargetName) and $(TargetExt) property values match the value specified in %(Lib.OutputFile).
     1>C:\Program Files (x86)\MSBuild\Microsoft.Cpp\v4.0\V110\Microsoft.CppBuild.targets(1301,5): warning MSB8012: TargetName(Tools) does not match the Library's OutputFile property value (OpenMeshToolsd). This may cause your project to build incorrectly. To correct this, please make sure that $(OutDir), $(TargetName) and $(TargetExt) property values match the value specified in %(Lib.OutputFile).
       Lib:
         C:\Program Files (x86)\Microsoft Visual Studio 11.0\VC\bin\Lib.exe /OUT:"D:\project\app\I-IBM2\\I-IBM\lib\Win32\OpenMeshToolsd.lib" /LIBPATH:"C:\Program Files (x86)\Visual Leak Detector\lib\Win32" /NOLOGO tmp\Windows_32_Debug\conio.obj
         tmp\Windows_32_Debug\getopt.obj
         tmp\Windows_32_Debug\Gnuplot.obj
         tmp\Windows_32_Debug\Timer.obj
         VS2008Tools.vcxproj -> D:\project\app\I-IBM2\lib\OpenMesh-3.1\OpenMesh\Tools\.\Tools.lib
     1>Done Building Project "D:\project\app\I-IBM2\lib\OpenMesh-3.1\OpenMesh\Tools\VS2008Tools.vcxproj" (Rebuild target(s)).

Build succeeded.

Time Elapsed 00:00:01.40
