Build started 2014-07-17 오후 7:51:07.
     1>Project "D:\project\app\I-IBM2\lib\OpenMesh-3.1\OpenMesh\Core\VS2008Core.vcxproj" on node 2 (Build target(s)).
     1>C:\Program Files (x86)\MSBuild\Microsoft.Cpp\v4.0\V110\Microsoft.CppBuild.targets(1299,5): warning MSB8012: TargetPath(D:\project\app\I-IBM2\x64\Release\Core.lib) does not match the Library's OutputFile property value (D:\project\app\I-IBM2\lib\x64\OpenMeshCore.lib). This may cause your project to build incorrectly. To correct this, please make sure that $(OutDir), $(TargetName) and $(TargetExt) property values match the value specified in %(Lib.OutputFile).
     1>C:\Program Files (x86)\MSBuild\Microsoft.Cpp\v4.0\V110\Microsoft.CppBuild.targets(1301,5): warning MSB8012: TargetName(Core) does not match the Library's OutputFile property value (OpenMeshCore). This may cause your project to build incorrectly. To correct this, please make sure that $(OutDir), $(TargetName) and $(TargetExt) property values match the value specified in %(Lib.OutputFile).
     1>Lib:
         C:\Program Files (x86)\Microsoft Visual Studio 11.0\VC\bin\x86_amd64\Lib.exe /OUT:"D:\project\app\I-IBM2\\lib\x64\OpenMeshCore.lib" /LIBPATH:"C:\Program Files (x86)\Visual Leak Detector\lib\Win64" /NOLOGO /MACHINE:X64 tmp\Windows_32_Release\ArrayKernel.obj
         tmp\Windows_32_Release\BaseKernel.obj
         tmp\Windows_32_Release\BaseProperty.obj
         tmp\Windows_32_Release\BaseReader.obj
         tmp\Windows_32_Release\BaseWriter.obj
         tmp\Windows_32_Release\BinaryHelper.obj
         tmp\Windows_32_Release\Endian.obj
         tmp\Windows_32_Release\IOManager.obj
         tmp\Windows_32_Release\OBJReader.obj
         tmp\Windows_32_Release\OBJWriter.obj
         tmp\Windows_32_Release\OFFReader.obj
         tmp\Windows_32_Release\OFFWriter.obj
         tmp\Windows_32_Release\OMFormat.obj
         tmp\Windows_32_Release\OMReader.obj
         tmp\Windows_32_Release\omstream.obj
         tmp\Windows_32_Release\OMWriter.obj
         tmp\Windows_32_Release\PLYReader.obj
         tmp\Windows_32_Release\PLYWriter.obj
         tmp\Windows_32_Release\PolyConnectivity.obj
         tmp\Windows_32_Release\STLReader.obj
         tmp\Windows_32_Release\STLWriter.obj
         tmp\Windows_32_Release\TriConnectivity.obj
         VS2008Core.vcxproj -> D:\project\app\I-IBM2\x64\Release\Core.lib
     1>Done Building Project "D:\project\app\I-IBM2\lib\OpenMesh-3.1\OpenMesh\Core\VS2008Core.vcxproj" (Build target(s)).

Build succeeded.

Time Elapsed 00:00:00.12
